# JRE version: OpenJDK Runtime Environment (22.0.1+8) (build 22.0.1+8-16)
# Java VM: OpenJDK 64-Bit Server VM (22.0.1+8-16, mixed mode, sharing, tiered, compressed oops, compressed class ptrs, g1 gc, windows-amd64)
GC Precious Log:
 CardTable entry size: 512
 Card Set container configuration: InlinePtr #cards 5 size 8 Array Of Cards #cards 12 size 40 Howl #buckets 4 coarsen threshold 1843 Howl Bitmap #cards 512 size 80 coarsen threshold 460 Card regions per heap region 1 cards per card region 2048
 CPUs: 8 total, 8 available
 Memory: 7834M
 Large Page Support: Disabled
 NUMA Support: Disabled
 Compressed Oops: Enabled (32-bit)
 Heap Region Size: 1M
 Heap Min Capacity: 8M
 Heap Initial Capacity: 124M
 Heap Max Capacity: 1960M
 Pre-touch: Disabled
 Parallel Workers: 8
 Concurrent Workers: 2
 Concurrent Refinement Workers: 8
 Periodic GC: Disabled
Heap:
 garbage-first heap   total reserved 2007040K, committed 91136K, used 55963K [0x0000000085800000, 0x0000000100000000)
  region size 1024K, 18 young (18432K), 1 survivors (1024K)
 Metaspace       used 94832K, committed 95744K, reserved 1179648K
  class space    used 11903K, committed 12416K, reserved 1048576K
GC Heap History (20 events):
Event: 2787.094 GC heap before
{Heap before GC invocations=172 (full 0):
 garbage-first heap   total reserved 2007040K, committed 91136K, used 82494K [0x0000000085800000, 0x0000000100000000)
  region size 1024K, 43 young (44032K), 1 survivors (1024K)
 Metaspace       used 94827K, committed 95744K, reserved 1179648K
  class space    used 11903K, committed 12416K, reserved 1048576K
}
Event: 2787.096 GC heap after
{Heap after GC invocations=173 (full 0):
 garbage-first heap   total reserved 2007040K, committed 91136K, used 40548K [0x0000000085800000, 0x0000000100000000)
  region size 1024K, 1 young (1024K), 1 survivors (1024K)
 Metaspace       used 94827K, committed 95744K, reserved 1179648K
  class space    used 11903K, committed 12416K, reserved 1048576K
}
Event: 2787.427 GC heap before
{Heap before GC invocations=174 (full 0):
 garbage-first heap   total reserved 2007040K, committed 91136K, used 82532K [0x0000000085800000, 0x0000000100000000)
  region size 1024K, 43 young (44032K), 1 survivors (1024K)
 Metaspace       used 94827K, committed 95744K, reserved 1179648K
  class space    used 11903K, committed 12416K, reserved 1048576K
}
Event: 2787.429 GC heap after
{Heap after GC invocations=175 (full 0):
 garbage-first heap   total reserved 2007040K, committed 91136K, used 40521K [0x0000000085800000, 0x0000000100000000)
  region size 1024K, 1 young (1024K), 1 survivors (1024K)
 Metaspace       used 94827K, committed 95744K, reserved 1179648K
  class space    used 11903K, committed 12416K, reserved 1048576K
}
Event: 2787.758 GC heap before
{Heap before GC invocations=175 (full 0):
 garbage-first heap   total reserved 2007040K, committed 91136K, used 82505K [0x0000000085800000, 0x0000000100000000)
  region size 1024K, 43 young (44032K), 1 survivors (1024K)
 Metaspace       used 94827K, committed 95744K, reserved 1179648K
  class space    used 11903K, committed 12416K, reserved 1048576K
}
Event: 2787.759 GC heap after
{Heap after GC invocations=176 (full 0):
 garbage-first heap   total reserved 2007040K, committed 91136K, used 40495K [0x0000000085800000, 0x0000000100000000)
  region size 1024K, 1 young (1024K), 1 survivors (1024K)
 Metaspace       used 94827K, committed 95744K, reserved 1179648K
  class space    used 11903K, committed 12416K, reserved 1048576K
}
Event: 2788.123 GC heap before
{Heap before GC invocations=177 (full 0):
 garbage-first heap   total reserved 2007040K, committed 91136K, used 83503K [0x0000000085800000, 0x0000000100000000)
  region size 1024K, 43 young (44032K), 1 survivors (1024K)
 Metaspace       used 94828K, committed 95744K, reserved 1179648K
  class space    used 11903K, committed 12416K, reserved 1048576K
}
Event: 2788.124 GC heap after
{Heap after GC invocations=178 (full 0):
 garbage-first heap   total reserved 2007040K, committed 91136K, used 40491K [0x0000000085800000, 0x0000000100000000)
  region size 1024K, 1 young (1024K), 1 survivors (1024K)
 Metaspace       used 94828K, committed 95744K, reserved 1179648K
  class space    used 11903K, committed 12416K, reserved 1048576K
}
Event: 2788.451 GC heap before
{Heap before GC invocations=178 (full 0):
 garbage-first heap   total reserved 2007040K, committed 91136K, used 82475K [0x0000000085800000, 0x0000000100000000)
  region size 1024K, 43 young (44032K), 1 survivors (1024K)
 Metaspace       used 94828K, committed 95744K, reserved 1179648K
  class space    used 11903K, committed 12416K, reserved 1048576K
}
Event: 2788.453 GC heap after
{Heap after GC invocations=179 (full 0):
 garbage-first heap   total reserved 2007040K, committed 91136K, used 40499K [0x0000000085800000, 0x0000000100000000)
  region size 1024K, 1 young (1024K), 1 survivors (1024K)
 Metaspace       used 94828K, committed 95744K, reserved 1179648K
  class space    used 11903K, committed 12416K, reserved 1048576K
}
Event: 2788.784 GC heap before
{Heap before GC invocations=180 (full 0):
 garbage-first heap   total reserved 2007040K, committed 91136K, used 82483K [0x0000000085800000, 0x0000000100000000)
  region size 1024K, 43 young (44032K), 1 survivors (1024K)
 Metaspace       used 94828K, committed 95744K, reserved 1179648K
  class space    used 11903K, committed 12416K, reserved 1048576K
}
Event: 2788.785 GC heap after
{Heap after GC invocations=181 (full 0):
 garbage-first heap   total reserved 2007040K, committed 91136K, used 40507K [0x0000000085800000, 0x0000000100000000)
  region size 1024K, 1 young (1024K), 1 survivors (1024K)
 Metaspace       used 94828K, committed 95744K, reserved 1179648K
  class space    used 11903K, committed 12416K, reserved 1048576K
}
Event: 2789.110 GC heap before
{Heap before GC invocations=181 (full 0):
 garbage-first heap   total reserved 2007040K, committed 91136K, used 82491K [0x0000000085800000, 0x0000000100000000)
  region size 1024K, 43 young (44032K), 1 survivors (1024K)
 Metaspace       used 94828K, committed 95744K, reserved 1179648K
  class space    used 11903K, committed 12416K, reserved 1048576K
}
Event: 2789.112 GC heap after
{Heap after GC invocations=182 (full 0):
 garbage-first heap   total reserved 2007040K, committed 91136K, used 40508K [0x0000000085800000, 0x0000000100000000)
  region size 1024K, 1 young (1024K), 1 survivors (1024K)
 Metaspace       used 94828K, committed 95744K, reserved 1179648K
  class space    used 11903K, committed 12416K, reserved 1048576K
}
Event: 2789.423 GC heap before
{Heap before GC invocations=183 (full 0):
 garbage-first heap   total reserved 2007040K, committed 91136K, used 82492K [0x0000000085800000, 0x0000000100000000)
  region size 1024K, 43 young (44032K), 1 survivors (1024K)
 Metaspace       used 94828K, committed 95744K, reserved 1179648K
  class space    used 11903K, committed 12416K, reserved 1048576K
}
Event: 2789.425 GC heap after
{Heap after GC invocations=184 (full 0):
 garbage-first heap   total reserved 2007040K, committed 91136K, used 40519K [0x0000000085800000, 0x0000000100000000)
  region size 1024K, 1 young (1024K), 1 survivors (1024K)
 Metaspace       used 94828K, committed 95744K, reserved 1179648K
  class space    used 11903K, committed 12416K, reserved 1048576K
}
Event: 2789.773 GC heap before
{Heap before GC invocations=184 (full 0):
 garbage-first heap   total reserved 2007040K, committed 91136K, used 82503K [0x0000000085800000, 0x0000000100000000)
  region size 1024K, 43 young (44032K), 1 survivors (1024K)
 Metaspace       used 94828K, committed 95744K, reserved 1179648K
  class space    used 11903K, committed 12416K, reserved 1048576K
}
Event: 2789.774 GC heap after
{Heap after GC invocations=185 (full 0):
 garbage-first heap   total reserved 2007040K, committed 91136K, used 40581K [0x0000000085800000, 0x0000000100000000)
  region size 1024K, 1 young (1024K), 1 survivors (1024K)
 Metaspace       used 94828K, committed 95744K, reserved 1179648K
  class space    used 11903K, committed 12416K, reserved 1048576K
}
Event: 2790.121 GC heap before
{Heap before GC invocations=186 (full 0):
 garbage-first heap   total reserved 2007040K, committed 91136K, used 82565K [0x0000000085800000, 0x0000000100000000)
  region size 1024K, 43 young (44032K), 1 survivors (1024K)
 Metaspace       used 94829K, committed 95744K, reserved 1179648K
  class space    used 11903K, committed 12416K, reserved 1048576K
}
Event: 2790.122 GC heap after
{Heap after GC invocations=187 (full 0):
 garbage-first heap   total reserved 2007040K, committed 91136K, used 40603K [0x0000000085800000, 0x0000000100000000)
  region size 1024K, 1 young (1024K), 1 survivors (1024K)
 Metaspace       used 94829K, committed 95744K, reserved 1179648K
  class space    used 11903K, committed 12416K, reserved 1048576K
}

